#
# There is insufficient memory for the Java Runtime Environment to continue.
# Native memory allocation (mmap) failed to map 132120576 bytes for Failed to commit area from 0x0000000083e00000 to 0x000000008bc00000 of length 132120576.
# Possible reasons:
#   The system is out of physical RAM or swap space
#   The process is running with CompressedOops enabled, and the Java Heap may be blocking the growth of the native heap
# Possible solutions:
#   Reduce memory load on the system
#   Increase physical memory or swap space
#   Check if swap backing store is full
#   Decrease Java heap size (-Xmx/-Xms)
#   Decrease number of Java threads
#   Decrease Java thread stack sizes (-Xss)
#   Set larger code cache with -XX:ReservedCodeCacheSize=
# This output file may be truncated or incomplete.
#
#  Out of Memory Error (./src/hotspot/os/windows/os_windows.cpp:3380), pid=25216, tid=10236
#
# JRE version:  (11.0.12+7) (build )
# Java VM: OpenJDK 64-Bit Server VM (11.0.12+7, mixed mode, sharing, tiered, compressed oops, g1 gc, windows-amd64)
# No core dump will be written. Minidumps are not enabled by default on client versions of Windows
#

---------------  S U M M A R Y ------------

Command Line: com.xamarin.androidx.jetifierWrapper.Main -intermediate obj\Debug\130\androidx\_AndroidXJetifyManifest.jetify -parallel

Host: Intel(R) Core(TM) i5-8265U CPU @ 1.60GHz, 8 cores, 7G,  Windows 10 , 64 bit Build 22621 (10.0.22621.2506)
Time: Thu Mar  7 13:16:51 2024 South Africa Standard Time elapsed time: 0.031466 seconds (0d 0h 0m 0s)

---------------  T H R E A D  ---------------

Current thread (0x0000019111b95000):  JavaThread "Unknown thread" [_thread_in_vm, id=10236, stack(0x00000060b8d00000,0x00000060b8e00000)]

Stack: [0x00000060b8d00000,0x00000060b8e00000]
Native frames: (J=compiled Java code, j=interpreted, Vv=VM code, C=native code)
V  [jvm.dll+0x6090fa]
V  [jvm.dll+0x79229e]
V  [jvm.dll+0x79396f]
V  [jvm.dll+0x794033]
V  [jvm.dll+0x24bed8]
V  [jvm.dll+0x60624a]
V  [jvm.dll+0x5facf5]
V  [jvm.dll+0x303b5c]
V  [jvm.dll+0x3039e2]
V  [jvm.dll+0x308706]
V  [jvm.dll+0x34d5cf]
V  [jvm.dll+0x34d000]
V  [jvm.dll+0x2e0c68]
V  [jvm.dll+0x2e1dc6]
V  [jvm.dll+0x76d627]
V  [jvm.dll+0x76edaf]
V  [jvm.dll+0x35a359]
V  [jvm.dll+0x750710]
V  [jvm.dll+0x3c1f8f]
V  [jvm.dll+0x3c4461]
C  [jli.dll+0x5207]
C  [ucrtbase.dll+0x29363]
C  [KERNEL32.DLL+0x1257d]
C  [ntdll.dll+0x5aa58]


---------------  P R O C E S S  ---------------

Threads class SMR info:
_java_thread_list=0x000001910faa6ac0, length=0, elements={
}

Java Threads: ( => current thread )

Other Threads:
  0x000001910fb7b800 GCTaskThread "GC Thread#0" [stack: 0x00000060b8e00000,0x00000060b8f00000] [id=4024]
  0x0000019111bd9000 ConcurrentGCThread "G1 Main Marker" [stack: 0x00000060b8f00000,0x00000060b9000000] [id=3200]
  0x0000019111bdb800 ConcurrentGCThread "G1 Conc#0" [stack: 0x00000060b9000000,0x00000060b9100000] [id=11780]

[error occurred during error reporting (printing all threads), id 0xc0000005, EXCEPTION_ACCESS_VIOLATION (0xc0000005) at pc=0x00007ffcdf570337]

VM state:not at safepoint (not fully initialized)

VM Mutex/Monitor currently owned by a thread:  ([mutex/lock_event])
[0x0000019111b91cf0] Heap_lock - owner thread: 0x0000019111b95000

Heap address: 0x0000000083e00000, size: 1986 MB, Compressed Oops mode: Non-zero based: 0x0000000083e00000
Narrow klass base: 0x0000000000000000, Narrow klass shift: 0

GC Heap History (0 events):
No events

Deoptimization events (0 events):
No events

Classes redefined (0 events):
No events

Internal exceptions (0 events):
No events

Events (1 events):
Event: 0.018 Loaded shared library C:\Program Files\Microsoft\jdk-11.0.12.7-hotspot\bin\zip.dll


Dynamic libraries:
0x00007ff65d820000 - 0x00007ff65d82d000 	C:\Program Files\Microsoft\jdk-11.0.12.7-hotspot\bin\java.exe
0x00007ffdf4fb0000 - 0x00007ffdf51c7000 	C:\WINDOWS\SYSTEM32\ntdll.dll
0x00007ffdf36d0000 - 0x00007ffdf3794000 	C:\WINDOWS\System32\KERNEL32.DLL
0x00007ffdf2530000 - 0x00007ffdf28d6000 	C:\WINDOWS\System32\KERNELBASE.dll
0x00007ffdf22f0000 - 0x00007ffdf2401000 	C:\WINDOWS\System32\ucrtbase.dll
0x00007ffdb0290000 - 0x00007ffdb02a7000 	C:\Program Files\Microsoft\jdk-11.0.12.7-hotspot\bin\jli.dll
0x00007ffdb0270000 - 0x00007ffdb0285000 	C:\Program Files\Microsoft\jdk-11.0.12.7-hotspot\bin\VCRUNTIME140.dll
0x00007ffdf4d10000 - 0x00007ffdf4ebe000 	C:\WINDOWS\System32\USER32.dll
0x00007ffdf28e0000 - 0x00007ffdf2906000 	C:\WINDOWS\System32\win32u.dll
0x00007ffddba30000 - 0x00007ffddbcc3000 	C:\WINDOWS\WinSxS\amd64_microsoft.windows.common-controls_6595b64144ccf1df_6.0.22621.2506_none_270c5ae97388e100\COMCTL32.dll
0x00007ffdf3950000 - 0x00007ffdf3979000 	C:\WINDOWS\System32\GDI32.dll
0x00007ffdf4ec0000 - 0x00007ffdf4f67000 	C:\WINDOWS\System32\msvcrt.dll
0x00007ffdf2bb0000 - 0x00007ffdf2cc8000 	C:\WINDOWS\System32\gdi32full.dll
0x00007ffdf2490000 - 0x00007ffdf252a000 	C:\WINDOWS\System32\msvcp_win.dll
0x00007ffdf3300000 - 0x00007ffdf3331000 	C:\WINDOWS\System32\IMM32.DLL
0x00007ffd33bb0000 - 0x00007ffd33c4b000 	C:\Program Files\Microsoft\jdk-11.0.12.7-hotspot\bin\msvcp140.dll
0x00007ffcdf280000 - 0x00007ffcdfde1000 	C:\Program Files\Microsoft\jdk-11.0.12.7-hotspot\bin\server\jvm.dll
0x00007ffdf46d0000 - 0x00007ffdf4783000 	C:\WINDOWS\System32\ADVAPI32.dll
0x00007ffdf39a0000 - 0x00007ffdf3a48000 	C:\WINDOWS\System32\sechost.dll
0x00007ffdf2cd0000 - 0x00007ffdf2cf8000 	C:\WINDOWS\System32\bcrypt.dll
0x00007ffdf4550000 - 0x00007ffdf4667000 	C:\WINDOWS\System32\RPCRT4.dll
0x00007ffdf4c90000 - 0x00007ffdf4c98000 	C:\WINDOWS\System32\PSAPI.DLL
0x00007ffdd4780000 - 0x00007ffdd4789000 	C:\WINDOWS\SYSTEM32\WSOCK32.dll
0x00007ffdea790000 - 0x00007ffdea7c4000 	C:\WINDOWS\SYSTEM32\WINMM.dll
0x00007ffdeba70000 - 0x00007ffdeba7a000 	C:\WINDOWS\SYSTEM32\VERSION.dll
0x00007ffdf2d00000 - 0x00007ffdf2d71000 	C:\WINDOWS\System32\WS2_32.dll
0x00007ffdf1320000 - 0x00007ffdf1338000 	C:\WINDOWS\SYSTEM32\kernel.appcore.dll
0x00007ffdb4440000 - 0x00007ffdb4450000 	C:\Program Files\Microsoft\jdk-11.0.12.7-hotspot\bin\verify.dll
0x00007ffde0300000 - 0x00007ffde0533000 	C:\WINDOWS\SYSTEM32\DBGHELP.DLL
0x00007ffdf3340000 - 0x00007ffdf36c9000 	C:\WINDOWS\System32\combase.dll
0x00007ffdf42b0000 - 0x00007ffdf4387000 	C:\WINDOWS\System32\OLEAUT32.dll
0x00007ffdd2b80000 - 0x00007ffdd2bb2000 	C:\WINDOWS\SYSTEM32\dbgcore.DLL
0x00007ffdf2410000 - 0x00007ffdf248a000 	C:\WINDOWS\System32\bcryptPrimitives.dll
0x00007ffd943e0000 - 0x00007ffd94408000 	C:\Program Files\Microsoft\jdk-11.0.12.7-hotspot\bin\java.dll
0x00007ffdb03d0000 - 0x00007ffdb03da000 	C:\Program Files\Microsoft\jdk-11.0.12.7-hotspot\bin\jimage.dll
0x00007ffdafe10000 - 0x00007ffdafe27000 	C:\Program Files\Microsoft\jdk-11.0.12.7-hotspot\bin\zip.dll

dbghelp: loaded successfully - version: 4.0.5 - missing functions: none
symbol engine: initialized successfully - sym options: 0x614 - pdb path: .;C:\Program Files\Microsoft\jdk-11.0.12.7-hotspot\bin;C:\WINDOWS\SYSTEM32;C:\WINDOWS\WinSxS\amd64_microsoft.windows.common-controls_6595b64144ccf1df_6.0.22621.2506_none_270c5ae97388e100;C:\Program Files\Microsoft\jdk-11.0.12.7-hotspot\bin\server

VM Arguments:
java_command: com.xamarin.androidx.jetifierWrapper.Main -intermediate obj\Debug\130\androidx\_AndroidXJetifyManifest.jetify -parallel
java_class_path (initial): C:\Users\T590\.nuget\packages\xamarin.androidx.migration\1.0.8\buildTransitive\monoandroid90\Tools/JetifierWrapper/jetifierWrapper-1.0.jar
Launcher Type: SUN_STANDARD

[Global flags]
     intx CICompilerCount                          = 4                                         {product} {ergonomic}
     uint ConcGCThreads                            = 2                                         {product} {ergonomic}
     uint G1ConcRefinementThreads                  = 8                                         {product} {ergonomic}
   size_t G1HeapRegionSize                         = 1048576                                   {product} {ergonomic}
    uintx GCDrainStackTargetSize                   = 64                                        {product} {ergonomic}
   size_t InitialHeapSize                          = 132120576                                 {product} {ergonomic}
   size_t MarkStackSize                            = 4194304                                   {product} {ergonomic}
   size_t MaxHeapSize                              = 2082471936                                {product} {ergonomic}
   size_t MinHeapDeltaBytes                        = 1048576                                   {product} {ergonomic}
    uintx NonNMethodCodeHeapSize                   = 5836300                                {pd product} {ergonomic}
    uintx NonProfiledCodeHeapSize                  = 122910970                              {pd product} {ergonomic}
    uintx ProfiledCodeHeapSize                     = 122910970                              {pd product} {ergonomic}
    uintx ReservedCodeCacheSize                    = 251658240                              {pd product} {ergonomic}
     bool SegmentedCodeCache                       = true                                      {product} {ergonomic}
     bool UseCompressedClassPointers               = true                                 {lp64_product} {ergonomic}
     bool UseCompressedOops                        = true                                 {lp64_product} {ergonomic}
     bool UseG1GC                                  = true                                      {product} {ergonomic}
     bool UseLargePagesIndividualAllocation        = false                                  {pd product} {ergonomic}

Logging:
Log output configuration:
 #0: stdout all=warning uptime,level,tags
 #1: stderr all=off uptime,level,tags

Environment Variables:
PATH=C:\Python312\Scripts\;C:\Python312\;C:\Users\T590\Desktop\App\bin;C:\Users\T590\Documents\Software\bin;C:\Program Files\Microsoft\jdk-11.0.12.7-hotspot\bin;C:\WINDOWS\system32;C:\WINDOWS;C:\WINDOWS\System32\Wbem;C:\WINDOWS\System32\WindowsPowerShell\v1.0\;C:\WINDOWS\System32\OpenSSH\;C:\Program Files\Microsoft SQL Server\Client SDK\ODBC\170\Tools\Binn\;C:\Program Files\dotnet\;C:\ProgramData\chocolatey\bin;C:\ProgramData\ComposerSetup\bin;C:\Program Files\Microsoft SQL Server\150\Tools\Binn\;C:\Program Files (x86)\Microsoft Emulator Manager\1.0\;C:\flutter;C:\Program Files\Git\cmd;C:\Program Files\nodejs\;C:\Users\T590\AppData\Local\Microsoft\WindowsApps;;C:\Users\T590\AppData\Local\Programs\Microsoft VS Code\bin;C:\Users\T590\.dotnet\tools;C:\tools\dart-sdk\bin;C:\Users\T590\AppData\Roaming\Pub\Cache\bin;C:\Users\T590\AppData\Roaming\Composer\vendor\bin;C:\Users\T590\AppData\Roaming\npm;C:\PROGRAM FILES\MICROSOFT VISUAL STUDIO\2022\COMMUNITY\COMMON7\IDE\EXTENSIONS\XAMARIN.VISUALSTUDIO
USERNAME=T590
OS=Windows_NT
PROCESSOR_IDENTIFIER=Intel64 Family 6 Model 142 Stepping 12, GenuineIntel



---------------  S Y S T E M  ---------------

OS: Windows 10 , 64 bit Build 22621 (10.0.22621.2506)
OS uptime: 8 days 0:50 hours

CPU:total 8 (initial active 8) (4 cores per cpu, 2 threads per core) family 6 model 142 stepping 12 microcode 0xf0, cmov, cx8, fxsr, mmx, sse, sse2, sse3, ssse3, sse4.1, sse4.2, popcnt, avx, avx2, aes, clmul, erms, 3dnowpref, lzcnt, ht, tsc, tscinvbit, bmi1, bmi2, adx, fma

Memory: 4k page, system-wide physical 7939M (455M free)
TotalPageFile size 32515M (AvailPageFile size 60M)
current process WorkingSet (physical memory assigned to process): 10M, peak: 10M
current process commit charge ("private bytes"): 60M, peak: 186M

vm_info: OpenJDK 64-Bit Server VM (11.0.12+7) for windows-amd64 JRE (11.0.12+7), built on Jul 21 2021 15:41:43 by "" with unknown MS VC++:1916

END.
